
  .   ____          _            __ _ _
 /\\ / ___'_ __ _ _(_)_ __  __ _ \ \ \ \
( ( )\___ | '_ | '_| | '_ \/ _` | \ \ \ \
 \\/  ___)| |_)| | | | | || (_| |  ) ) ) )
  '  |____| .__|_| |_|_| |_\__, | / / / /
 =========|_|==============|___/=/_/_/_/
 :: Spring Boot ::                (v3.2.5)

2026-02-26T21:48:22.352+05:30  INFO 17476 --- [           main] com.revplay.BackendApplication           : Starting BackendApplication using Java 17.0.17 with PID 17476 (C:\Users\Prithivirajan N\Desktop\revFinalPro\RevplayP2\backend\target\classes started by Prithivirajan N in C:\Users\Prithivirajan N\Desktop\revFinalPro\RevplayP2\backend)
2026-02-26T21:48:22.354+05:30  INFO 17476 --- [           main] com.revplay.BackendApplication           : No active profile set, falling back to 1 default profile: "default"
2026-02-26T21:48:22.830+05:30  INFO 17476 --- [           main] .s.d.r.c.RepositoryConfigurationDelegate : Bootstrapping Spring Data JPA repositories in DEFAULT mode.
2026-02-26T21:48:22.890+05:30  INFO 17476 --- [           main] .s.d.r.c.RepositoryConfigurationDelegate : Finished Spring Data repository scanning in 53 ms. Found 7 JPA repository interfaces.
2026-02-26T21:48:23.339+05:30  INFO 17476 --- [           main] o.s.b.w.embedded.tomcat.TomcatWebServer  : Tomcat initialized with port 8081 (http)
2026-02-26T21:48:23.348+05:30  INFO 17476 --- [           main] o.apache.catalina.core.StandardService   : Starting service [Tomcat]
2026-02-26T21:48:23.348+05:30  INFO 17476 --- [           main] o.apache.catalina.core.StandardEngine    : Starting Servlet engine: [Apache Tomcat/10.1.20]
2026-02-26T21:48:23.397+05:30  INFO 17476 --- [           main] o.a.c.c.C.[Tomcat].[localhost].[/]       : Initializing Spring embedded WebApplicationContext
2026-02-26T21:48:23.399+05:30  INFO 17476 --- [           main] w.s.c.ServletWebServerApplicationContext : Root WebApplicationContext: initialization completed in 1010 ms
2026-02-26T21:48:23.419+05:30  INFO 17476 --- [           main] com.zaxxer.hikari.HikariDataSource       : HikariPool-1 - Starting...
2026-02-26T21:48:23.552+05:30  INFO 17476 --- [           main] com.zaxxer.hikari.pool.HikariPool        : HikariPool-1 - Added connection conn0: url=jdbc:h2:mem:revplaydb user=SA
2026-02-26T21:48:23.555+05:30  INFO 17476 --- [           main] com.zaxxer.hikari.HikariDataSource       : HikariPool-1 - Start completed.
2026-02-26T21:48:23.562+05:30  INFO 17476 --- [           main] o.s.b.a.h2.H2ConsoleAutoConfiguration    : H2 console available at '/h2-console'. Database available at 'jdbc:h2:mem:revplaydb'
2026-02-26T21:48:23.625+05:30  INFO 17476 --- [           main] o.hibernate.jpa.internal.util.LogHelper  : HHH000204: Processing PersistenceUnitInfo [name: default]
2026-02-26T21:48:23.668+05:30  INFO 17476 --- [           main] org.hibernate.Version                    : HHH000412: Hibernate ORM core version 6.4.4.Final
2026-02-26T21:48:23.696+05:30  INFO 17476 --- [           main] o.h.c.internal.RegionFactoryInitiator    : HHH000026: Second-level cache disabled
2026-02-26T21:48:23.867+05:30  INFO 17476 --- [           main] o.s.o.j.p.SpringPersistenceUnitInfo      : No LoadTimeWeaver setup: ignoring JPA class transformer
2026-02-26T21:48:23.901+05:30  WARN 17476 --- [           main] org.hibernate.orm.deprecation            : HHH90000025: H2Dialect does not need to be specified explicitly using 'hibernate.dialect' (remove the property setting and it will be selected by default)
2026-02-26T21:48:24.712+05:30  INFO 17476 --- [           main] o.h.e.t.j.p.i.JtaPlatformInitiator       : HHH000489: No JTA platform available (set 'hibernate.transaction.jta.platform' to enable JTA platform integration)
Hibernate: create table album (album_id bigint not null, cover_image_url varchar(255), created_at timestamp(6), description varchar(1000), name varchar(150) not null, release_date date, artist_id bigint not null, primary key (album_id))
Hibernate: create table artist (artist_id bigint not null, artist_name varchar(100) not null, banner_image_url varchar(255), bio varchar(1000), created_at timestamp(6), email varchar(150) not null, genre varchar(100), instagram_link varchar(255), password varchar(255) not null, profile_image_url varchar(255), twitter_link varchar(255), website_link varchar(255), youtube_link varchar(255), primary key (artist_id))
Hibernate: create table favorites (id bigint generated by default as identity, song_id bigint, user_id bigint, primary key (id))
Hibernate: create table playlist_songs (id bigint generated by default as identity, position integer, song_id bigint, playlist_id bigint, primary key (id))
Hibernate: create table playlists (id bigint generated by default as identity, description varchar(255), name varchar(255), user_id bigint, primary key (id))
Hibernate: create table song (song_id bigint not null, audio_file_url varchar(255) not null, created_at timestamp(6), duration integer not null, genre varchar(100), title varchar(150) not null, visibility varchar(255) not null check (visibility in ('PUBLIC','UNLISTED')), album_id bigint, artist_id bigint not null, primary key (song_id))
Hibernate: create table users (id bigint not null, bio varchar(500), created_at timestamp(6) not null, display_name varchar(255), email varchar(255) not null, enabled boolean not null, password varchar(255) not null, profile_image varchar(255), role varchar(255) not null check (role in ('USER','ARTIST')), username varchar(255) not null, primary key (id))
Hibernate: alter table if exists artist drop constraint if exists UK_dvcbolgln1e6sbvxvsnojuy7v
Hibernate: alter table if exists artist add constraint UK_dvcbolgln1e6sbvxvsnojuy7v unique (email)
Hibernate: alter table if exists users drop constraint if exists UK_6dotkott2kjsp8vw4d0m25fb7
Hibernate: alter table if exists users add constraint UK_6dotkott2kjsp8vw4d0m25fb7 unique (email)
Hibernate: alter table if exists users drop constraint if exists UK_r43af9ap4edm43mmtq01oddj6
Hibernate: alter table if exists users add constraint UK_r43af9ap4edm43mmtq01oddj6 unique (username)
Hibernate: create sequence album_seq start with 1 increment by 1
Hibernate: create sequence artist_seq start with 1 increment by 1
Hibernate: create sequence song_seq start with 1 increment by 1
Hibernate: create sequence user_seq start with 1 increment by 1
Hibernate: alter table if exists album add constraint FKmwc4fyyxb6tfi0qba26gcf8s1 foreign key (artist_id) references artist
Hibernate: alter table if exists favorites add constraint FKk7du8b8ewipawnnpg76d55fus foreign key (user_id) references users
Hibernate: alter table if exists playlist_songs add constraint FKqfutupgj870d2k31ldxqqwr8w foreign key (playlist_id) references playlists
Hibernate: alter table if exists playlists add constraint FKtgjwvfg23v990xk7k0idmqbrj foreign key (user_id) references users
Hibernate: alter table if exists song add constraint FKrcjmk41yqj3pl3iyii40niab0 foreign key (album_id) references album
Hibernate: alter table if exists song add constraint FKa21ft97nj7thwrp5d31xdaxr foreign key (artist_id) references artist
2026-02-26T21:48:24.790+05:30  INFO 17476 --- [           main] j.LocalContainerEntityManagerFactoryBean : Initialized JPA EntityManagerFactory for persistence unit 'default'
2026-02-26T21:48:25.205+05:30  WARN 17476 --- [           main] JpaBaseConfiguration$JpaWebConfiguration : spring.jpa.open-in-view is enabled by default. Therefore, database queries may be performed during view rendering. Explicitly configure spring.jpa.open-in-view to disable this warning
2026-02-26T21:48:25.417+05:30  INFO 17476 --- [           main] o.s.s.web.DefaultSecurityFilterChain     : Will secure any request with [org.springframework.security.web.session.DisableEncodeUrlFilter@399acce3, org.springframework.security.web.context.request.async.WebAsyncManagerIntegrationFilter@18c432ed, org.springframework.security.web.context.SecurityContextHolderFilter@6b44121e, org.springframework.security.web.header.HeaderWriterFilter@6b3d3e57, org.springframework.web.filter.CorsFilter@206de1f, org.springframework.security.web.authentication.logout.LogoutFilter@4199761d, com.revplay.config.JwtAuthenticationFilter@4bc4ec43, org.springframework.security.web.savedrequest.RequestCacheAwareFilter@718e700c, org.springframework.security.web.servletapi.SecurityContextHolderAwareRequestFilter@5b5e45bc, org.springframework.security.web.authentication.AnonymousAuthenticationFilter@3fae357f, org.springframework.security.web.session.SessionManagementFilter@4c51fc9a, org.springframework.security.web.access.ExceptionTranslationFilter@5e0602ff, org.springframework.security.web.access.intercept.AuthorizationFilter@570ede3b]
2026-02-26T21:48:25.595+05:30  WARN 17476 --- [           main] ConfigServletWebServerApplicationContext : Exception encountered during context initialization - cancelling refresh attempt: org.springframework.context.ApplicationContextException: Failed to start bean 'webServerStartStop'
2026-02-26T21:48:25.598+05:30  INFO 17476 --- [           main] j.LocalContainerEntityManagerFactoryBean : Closing JPA EntityManagerFactory for persistence unit 'default'
2026-02-26T21:48:25.599+05:30  INFO 17476 --- [           main] com.zaxxer.hikari.HikariDataSource       : HikariPool-1 - Shutdown initiated...
2026-02-26T21:48:25.600+05:30  INFO 17476 --- [           main] com.zaxxer.hikari.HikariDataSource       : HikariPool-1 - Shutdown completed.
2026-02-26T21:48:25.609+05:30  INFO 17476 --- [           main] .s.b.a.l.ConditionEvaluationReportLogger : 

Error starting ApplicationContext. To display the condition evaluation report re-run your application with 'debug' enabled.
2026-02-26T21:48:25.625+05:30 ERROR 17476 --- [           main] o.s.b.d.LoggingFailureAnalysisReporter   : 

***************************
APPLICATION FAILED TO START
***************************

Description:

Web server failed to start. Port 8081 was already in use.

Action:

Identify and stop the process that's listening on port 8081 or configure this application to listen on another port.

[ERROR] Failed to execute goal org.springframework.boot:spring-boot-maven-plugin:3.2.5:run (default-cli) on project backend: Process terminated with exit code: 1 -> [Help 1]
[ERROR] 
[ERROR] To see the full stack trace of the errors, re-run Maven with the -e switch.
[ERROR] Re-run Maven using the -X switch to enable full debug logging.
[ERROR] 
[ERROR] For more information about the errors and possible solutions, please read the following articles:
[ERROR] [Help 1] http://cwiki.apache.org/confluence/display/MAVEN/MojoExecutionException
