
  .   ____          _            __ _ _
 /\\ / ___'_ __ _ _(_)_ __  __ _ \ \ \ \
( ( )\___ | '_ | '_| | '_ \/ _` | \ \ \ \
 \\/  ___)| |_)| | | | | || (_| |  ) ) ) )
  '  |____| .__|_| |_|_| |_\__, | / / / /
 =========|_|==============|___/=/_/_/_/
 :: Spring Boot ::                (v3.2.5)

2026-02-26T11:14:06.574+05:30  INFO 17372 --- [           main] com.revplay.BackendApplication           : Starting BackendApplication using Java 17.0.1 with PID 17372 (C:\Users\madhu\RevplayP2\backend\target\classes started by madhu in C:\Users\madhu\RevplayP2\backend)
2026-02-26T11:14:06.581+05:30  INFO 17372 --- [           main] com.revplay.BackendApplication           : No active profile set, falling back to 1 default profile: "default"
2026-02-26T11:14:07.842+05:30  INFO 17372 --- [           main] .s.d.r.c.RepositoryConfigurationDelegate : Bootstrapping Spring Data JPA repositories in DEFAULT mode.
2026-02-26T11:14:07.987+05:30  INFO 17372 --- [           main] .s.d.r.c.RepositoryConfigurationDelegate : Finished Spring Data repository scanning in 125 ms. Found 4 JPA repository interfaces.
2026-02-26T11:14:08.785+05:30  INFO 17372 --- [           main] o.s.b.w.embedded.tomcat.TomcatWebServer  : Tomcat initialized with port 8082 (http)
2026-02-26T11:14:08.799+05:30  INFO 17372 --- [           main] o.apache.catalina.core.StandardService   : Starting service [Tomcat]
2026-02-26T11:14:08.800+05:30  INFO 17372 --- [           main] o.apache.catalina.core.StandardEngine    : Starting Servlet engine: [Apache Tomcat/10.1.20]
2026-02-26T11:14:08.888+05:30  INFO 17372 --- [           main] o.a.c.c.C.[Tomcat].[localhost].[/]       : Initializing Spring embedded WebApplicationContext
2026-02-26T11:14:08.890+05:30  INFO 17372 --- [           main] w.s.c.ServletWebServerApplicationContext : Root WebApplicationContext: initialization completed in 2246 ms
2026-02-26T11:14:09.123+05:30  INFO 17372 --- [           main] o.hibernate.jpa.internal.util.LogHelper  : HHH000204: Processing PersistenceUnitInfo [name: default]
2026-02-26T11:14:09.204+05:30  INFO 17372 --- [           main] org.hibernate.Version                    : HHH000412: Hibernate ORM core version 6.4.4.Final
2026-02-26T11:14:09.253+05:30  INFO 17372 --- [           main] o.h.c.internal.RegionFactoryInitiator    : HHH000026: Second-level cache disabled
2026-02-26T11:14:09.531+05:30  INFO 17372 --- [           main] o.s.o.j.p.SpringPersistenceUnitInfo      : No LoadTimeWeaver setup: ignoring JPA class transformer
2026-02-26T11:14:09.577+05:30  INFO 17372 --- [           main] com.zaxxer.hikari.HikariDataSource       : HikariPool-1 - Starting...
2026-02-26T11:14:10.002+05:30  INFO 17372 --- [           main] com.zaxxer.hikari.pool.HikariPool        : HikariPool-1 - Added connection oracle.jdbc.driver.T4CConnection@32da97fd
2026-02-26T11:14:10.006+05:30  INFO 17372 --- [           main] com.zaxxer.hikari.HikariDataSource       : HikariPool-1 - Start completed.
2026-02-26T11:14:10.105+05:30  WARN 17372 --- [           main] org.hibernate.dialect.Dialect            : HHH000511: The 11.2.0 version for [org.hibernate.dialect.OracleDialect] is no longer supported, hence certain features may not work properly. The minimum supported version is 19.0.0. Check the community dialects project for available legacy versions.
2026-02-26T11:14:10.110+05:30  WARN 17372 --- [           main] org.hibernate.orm.deprecation            : HHH90000025: OracleDialect does not need to be specified explicitly using 'hibernate.dialect' (remove the property setting and it will be selected by default)
2026-02-26T11:14:11.357+05:30  INFO 17372 --- [           main] o.h.e.t.j.p.i.JtaPlatformInitiator       : HHH000489: No JTA platform available (set 'hibernate.transaction.jta.platform' to enable JTA platform integration)
2026-02-26T11:14:11.633+05:30  INFO 17372 --- [           main] j.LocalContainerEntityManagerFactoryBean : Initialized JPA EntityManagerFactory for persistence unit 'default'
2026-02-26T11:14:12.314+05:30  WARN 17372 --- [           main] JpaBaseConfiguration$JpaWebConfiguration : spring.jpa.open-in-view is enabled by default. Therefore, database queries may be performed during view rendering. Explicitly configure spring.jpa.open-in-view to disable this warning
2026-02-26T11:14:12.725+05:30  INFO 17372 --- [           main] o.s.s.web.DefaultSecurityFilterChain     : Will secure any request with [org.springframework.security.web.session.DisableEncodeUrlFilter@7ab8f93, org.springframework.security.web.context.request.async.WebAsyncManagerIntegrationFilter@6037748a, org.springframework.security.web.context.SecurityContextHolderFilter@6f51d1cc, org.springframework.security.web.header.HeaderWriterFilter@77feca04, org.springframework.web.filter.CorsFilter@4d87e7f3, org.springframework.security.web.authentication.logout.LogoutFilter@3338d706, com.revplay.config.JwtAuthenticationFilter@341c0dfc, org.springframework.security.web.savedrequest.RequestCacheAwareFilter@359fd0a2, org.springframework.security.web.servletapi.SecurityContextHolderAwareRequestFilter@30b075b9, org.springframework.security.web.authentication.AnonymousAuthenticationFilter@14c7ab73, org.springframework.security.web.session.SessionManagementFilter@53b579d2, org.springframework.security.web.access.ExceptionTranslationFilter@8aa3013, org.springframework.security.web.access.intercept.AuthorizationFilter@24f8707c]
2026-02-26T11:14:12.961+05:30  WARN 17372 --- [           main] ConfigServletWebServerApplicationContext : Exception encountered during context initialization - cancelling refresh attempt: org.springframework.context.ApplicationContextException: Failed to start bean 'webServerStartStop'
2026-02-26T11:14:12.964+05:30  INFO 17372 --- [           main] j.LocalContainerEntityManagerFactoryBean : Closing JPA EntityManagerFactory for persistence unit 'default'
2026-02-26T11:14:12.966+05:30  INFO 17372 --- [           main] com.zaxxer.hikari.HikariDataSource       : HikariPool-1 - Shutdown initiated...
2026-02-26T11:14:12.988+05:30  INFO 17372 --- [           main] com.zaxxer.hikari.HikariDataSource       : HikariPool-1 - Shutdown completed.
2026-02-26T11:14:13.007+05:30  INFO 17372 --- [           main] .s.b.a.l.ConditionEvaluationReportLogger : 

Error starting ApplicationContext. To display the condition evaluation report re-run your application with 'debug' enabled.
2026-02-26T11:14:13.026+05:30 ERROR 17372 --- [           main] o.s.b.d.LoggingFailureAnalysisReporter   : 

***************************
APPLICATION FAILED TO START
***************************

Description:

Web server failed to start. Port 8082 was already in use.

Action:

Identify and stop the process that's listening on port 8082 or configure this application to listen on another port.

[ERROR] Failed to execute goal org.springframework.boot:spring-boot-maven-plugin:3.2.5:run (default-cli) on project backend: Process terminated with exit code: 1 -> [Help 1]
[ERROR] 
[ERROR] To see the full stack trace of the errors, re-run Maven with the -e switch.
[ERROR] Re-run Maven using the -X switch to enable full debug logging.
[ERROR] 
[ERROR] For more information about the errors and possible solutions, please read the following articles:
[ERROR] [Help 1] http://cwiki.apache.org/confluence/display/MAVEN/MojoExecutionException
